<?xml version="1.0" encoding="utf-8"?>
<coverage line-rate="0.29657228017883758" branch-rate="0" complexity="0" branches-covered="0" branches-valid="0" timestamp="1700077322" lines-covered="398" lines-valid="1342" version="0">
  <sources>
    <source>C:</source>
  </sources>
  <packages>
    <package name="C:\Users\hikme\OneDrive\Masaüstü\Git\ce103-midterm-hikmethan-kolay-yagizemre-ozbilge\build_win\build\Debug\farm_management_app.exe" line-rate="0.22651006711409397" branch-rate="0" complexity="0">
      <classes>
        <class name="farm_management_app.cpp" filename="Users\hikme\OneDrive\Masaüstü\Git\ce103-midterm-hikmethan-kolay-yagizemre-ozbilge\src\farm_management_app\src\farm_management_app.cpp" line-rate="0.16512059369202226" branch-rate="0" complexity="0">
          <methods/>
          <lines>
            <line number="7" hits="1"/>
            <line number="9" hits="1"/>
            <line number="16" hits="1"/>
            <line number="20" hits="1"/>
            <line number="21" hits="1"/>
            <line number="22" hits="1"/>
            <line number="23" hits="1"/>
            <line number="24" hits="1"/>
            <line number="25" hits="1"/>
            <line number="26" hits="1"/>
            <line number="27" hits="1"/>
            <line number="29" hits="1"/>
            <line number="30" hits="0"/>
            <line number="31" hits="0"/>
            <line number="32" hits="0"/>
            <line number="33" hits="0"/>
            <line number="35" hits="1"/>
            <line number="37" hits="1"/>
            <line number="38" hits="1"/>
            <line number="39" hits="1"/>
            <line number="40" hits="1"/>
            <line number="41" hits="1"/>
            <line number="42" hits="1"/>
            <line number="43" hits="1"/>
            <line number="44" hits="1"/>
            <line number="45" hits="1"/>
            <line number="47" hits="1"/>
            <line number="48" hits="0"/>
            <line number="49" hits="0"/>
            <line number="50" hits="0"/>
            <line number="51" hits="0"/>
            <line number="53" hits="1"/>
            <line number="55" hits="1"/>
            <line number="56" hits="1"/>
            <line number="57" hits="1"/>
            <line number="59" hits="1"/>
            <line number="60" hits="1"/>
            <line number="61" hits="1"/>
            <line number="62" hits="1"/>
            <line number="63" hits="1"/>
            <line number="64" hits="0"/>
            <line number="65" hits="0"/>
            <line number="66" hits="0"/>
            <line number="67" hits="0"/>
            <line number="68" hits="0"/>
            <line number="69" hits="0"/>
            <line number="70" hits="0"/>
            <line number="71" hits="0"/>
            <line number="74" hits="0"/>
            <line number="75" hits="0"/>
            <line number="78" hits="1"/>
            <line number="79" hits="1"/>
            <line number="80" hits="1"/>
            <line number="81" hits="1"/>
            <line number="83" hits="1"/>
            <line number="84" hits="1"/>
            <line number="85" hits="1"/>
            <line number="86" hits="1"/>
            <line number="87" hits="1"/>
            <line number="88" hits="1"/>
            <line number="89" hits="1"/>
            <line number="90" hits="1"/>
            <line number="91" hits="1"/>
            <line number="92" hits="1"/>
            <line number="93" hits="1"/>
            <line number="94" hits="1"/>
            <line number="95" hits="1"/>
            <line number="96" hits="1"/>
            <line number="97" hits="1"/>
            <line number="98" hits="1"/>
            <line number="99" hits="1"/>
            <line number="100" hits="1"/>
            <line number="102" hits="1"/>
            <line number="103" hits="0"/>
            <line number="104" hits="0"/>
            <line number="105" hits="0"/>
            <line number="106" hits="0"/>
            <line number="107" hits="1"/>
            <line number="108" hits="1"/>
            <line number="109" hits="1"/>
            <line number="110" hits="1"/>
            <line number="112" hits="0"/>
            <line number="113" hits="0"/>
            <line number="114" hits="0"/>
            <line number="115" hits="0"/>
            <line number="116" hits="0"/>
            <line number="117" hits="0"/>
            <line number="118" hits="0"/>
            <line number="119" hits="0"/>
            <line number="120" hits="0"/>
            <line number="122" hits="0"/>
            <line number="123" hits="0"/>
            <line number="125" hits="0"/>
            <line number="126" hits="0"/>
            <line number="127" hits="0"/>
            <line number="130" hits="0"/>
            <line number="131" hits="0"/>
            <line number="132" hits="0"/>
            <line number="133" hits="0"/>
            <line number="134" hits="0"/>
            <line number="135" hits="0"/>
            <line number="136" hits="0"/>
            <line number="137" hits="0"/>
            <line number="139" hits="0"/>
            <line number="140" hits="0"/>
            <line number="141" hits="0"/>
            <line number="142" hits="0"/>
            <line number="143" hits="0"/>
            <line number="144" hits="0"/>
            <line number="145" hits="0"/>
            <line number="146" hits="0"/>
            <line number="148" hits="0"/>
            <line number="149" hits="0"/>
            <line number="151" hits="0"/>
            <line number="152" hits="0"/>
            <line number="153" hits="0"/>
            <line number="156" hits="0"/>
            <line number="158" hits="0"/>
            <line number="159" hits="0"/>
            <line number="160" hits="0"/>
            <line number="161" hits="0"/>
            <line number="162" hits="0"/>
            <line number="163" hits="0"/>
            <line number="164" hits="0"/>
            <line number="165" hits="0"/>
            <line number="166" hits="0"/>
            <line number="168" hits="0"/>
            <line number="169" hits="0"/>
            <line number="170" hits="0"/>
            <line number="172" hits="0"/>
            <line number="176" hits="1"/>
            <line number="177" hits="1"/>
            <line number="178" hits="1"/>
            <line number="179" hits="1"/>
            <line number="181" hits="1"/>
            <line number="182" hits="1"/>
            <line number="184" hits="1"/>
            <line number="185" hits="1"/>
            <line number="186" hits="1"/>
            <line number="187" hits="1"/>
            <line number="188" hits="1"/>
            <line number="189" hits="1"/>
            <line number="190" hits="1"/>
            <line number="191" hits="1"/>
            <line number="193" hits="1"/>
            <line number="194" hits="1"/>
            <line number="195" hits="1"/>
            <line number="196" hits="1"/>
            <line number="197" hits="1"/>
            <line number="200" hits="1"/>
            <line number="201" hits="1"/>
            <line number="202" hits="1"/>
            <line number="203" hits="1"/>
            <line number="204" hits="1"/>
            <line number="205" hits="1"/>
            <line number="206" hits="1"/>
            <line number="207" hits="1"/>
            <line number="208" hits="1"/>
            <line number="209" hits="1"/>
            <line number="210" hits="1"/>
            <line number="211" hits="1"/>
            <line number="212" hits="1"/>
            <line number="213" hits="0"/>
            <line number="214" hits="0"/>
            <line number="215" hits="0"/>
            <line number="216" hits="0"/>
            <line number="217" hits="0"/>
            <line number="218" hits="0"/>
            <line number="220" hits="0"/>
            <line number="221" hits="0"/>
            <line number="222" hits="0"/>
            <line number="223" hits="0"/>
            <line number="224" hits="0"/>
            <line number="225" hits="0"/>
            <line number="226" hits="0"/>
            <line number="227" hits="0"/>
            <line number="228" hits="0"/>
            <line number="230" hits="0"/>
            <line number="231" hits="0"/>
            <line number="232" hits="0"/>
            <line number="233" hits="0"/>
            <line number="234" hits="0"/>
            <line number="237" hits="0"/>
            <line number="238" hits="0"/>
            <line number="240" hits="0"/>
            <line number="241" hits="0"/>
            <line number="243" hits="0"/>
            <line number="244" hits="0"/>
            <line number="245" hits="0"/>
            <line number="248" hits="0"/>
            <line number="249" hits="0"/>
            <line number="250" hits="0"/>
            <line number="251" hits="0"/>
            <line number="252" hits="0"/>
            <line number="253" hits="0"/>
            <line number="254" hits="0"/>
            <line number="255" hits="0"/>
            <line number="257" hits="0"/>
            <line number="258" hits="0"/>
            <line number="259" hits="0"/>
            <line number="260" hits="0"/>
            <line number="261" hits="0"/>
            <line number="262" hits="0"/>
            <line number="263" hits="0"/>
            <line number="264" hits="0"/>
            <line number="266" hits="0"/>
            <line number="267" hits="0"/>
            <line number="269" hits="0"/>
            <line number="270" hits="0"/>
            <line number="271" hits="0"/>
            <line number="274" hits="0"/>
            <line number="275" hits="0"/>
            <line number="276" hits="0"/>
            <line number="277" hits="0"/>
            <line number="278" hits="0"/>
            <line number="280" hits="0"/>
            <line number="281" hits="0"/>
            <line number="282" hits="0"/>
            <line number="284" hits="0"/>
            <line number="288" hits="0"/>
            <line number="289" hits="0"/>
            <line number="290" hits="0"/>
            <line number="291" hits="0"/>
            <line number="293" hits="0"/>
            <line number="294" hits="0"/>
            <line number="295" hits="0"/>
            <line number="297" hits="0"/>
            <line number="298" hits="0"/>
            <line number="300" hits="0"/>
            <line number="301" hits="0"/>
            <line number="302" hits="0"/>
            <line number="303" hits="0"/>
            <line number="304" hits="0"/>
            <line number="305" hits="0"/>
            <line number="306" hits="0"/>
            <line number="307" hits="0"/>
            <line number="308" hits="0"/>
            <line number="309" hits="0"/>
            <line number="310" hits="0"/>
            <line number="312" hits="0"/>
            <line number="313" hits="0"/>
            <line number="314" hits="0"/>
            <line number="315" hits="0"/>
            <line number="317" hits="0"/>
            <line number="318" hits="0"/>
            <line number="319" hits="0"/>
            <line number="320" hits="0"/>
            <line number="321" hits="0"/>
            <line number="324" hits="0"/>
            <line number="325" hits="0"/>
            <line number="326" hits="0"/>
            <line number="327" hits="0"/>
            <line number="328" hits="0"/>
            <line number="329" hits="0"/>
            <line number="331" hits="0"/>
            <line number="332" hits="0"/>
            <line number="333" hits="0"/>
            <line number="334" hits="0"/>
            <line number="335" hits="0"/>
            <line number="336" hits="0"/>
            <line number="337" hits="0"/>
            <line number="339" hits="0"/>
            <line number="340" hits="0"/>
            <line number="342" hits="0"/>
            <line number="343" hits="0"/>
            <line number="344" hits="0"/>
            <line number="346" hits="0"/>
            <line number="347" hits="0"/>
            <line number="348" hits="0"/>
            <line number="349" hits="0"/>
            <line number="350" hits="0"/>
            <line number="351" hits="0"/>
            <line number="352" hits="0"/>
            <line number="353" hits="0"/>
            <line number="355" hits="0"/>
            <line number="356" hits="0"/>
            <line number="357" hits="0"/>
            <line number="358" hits="0"/>
            <line number="360" hits="0"/>
            <line number="361" hits="0"/>
            <line number="362" hits="0"/>
            <line number="363" hits="0"/>
            <line number="364" hits="0"/>
            <line number="367" hits="0"/>
            <line number="368" hits="0"/>
            <line number="369" hits="0"/>
            <line number="370" hits="0"/>
            <line number="371" hits="0"/>
            <line number="373" hits="0"/>
            <line number="374" hits="0"/>
            <line number="375" hits="0"/>
            <line number="377" hits="0"/>
            <line number="378" hits="0"/>
            <line number="379" hits="0"/>
            <line number="381" hits="0"/>
            <line number="389" hits="1"/>
            <line number="393" hits="1"/>
            <line number="394" hits="1"/>
            <line number="395" hits="1"/>
            <line number="396" hits="1"/>
            <line number="397" hits="1"/>
            <line number="398" hits="1"/>
            <line number="399" hits="1"/>
            <line number="400" hits="1"/>
            <line number="401" hits="1"/>
            <line number="403" hits="1"/>
            <line number="404" hits="0"/>
            <line number="405" hits="0"/>
            <line number="406" hits="0"/>
            <line number="407" hits="0"/>
            <line number="409" hits="1"/>
            <line number="411" hits="0"/>
            <line number="412" hits="0"/>
            <line number="413" hits="0"/>
            <line number="415" hits="0"/>
            <line number="416" hits="0"/>
            <line number="417" hits="0"/>
            <line number="418" hits="0"/>
            <line number="419" hits="0"/>
            <line number="420" hits="0"/>
            <line number="421" hits="0"/>
            <line number="422" hits="0"/>
            <line number="423" hits="0"/>
            <line number="424" hits="0"/>
            <line number="425" hits="0"/>
            <line number="428" hits="0"/>
            <line number="429" hits="0"/>
            <line number="432" hits="1"/>
            <line number="433" hits="1"/>
            <line number="434" hits="1"/>
            <line number="435" hits="1"/>
            <line number="437" hits="1"/>
            <line number="438" hits="1"/>
            <line number="439" hits="1"/>
            <line number="440" hits="1"/>
            <line number="441" hits="1"/>
            <line number="442" hits="1"/>
            <line number="443" hits="1"/>
            <line number="444" hits="1"/>
            <line number="445" hits="1"/>
            <line number="446" hits="1"/>
            <line number="447" hits="1"/>
            <line number="448" hits="1"/>
            <line number="449" hits="1"/>
            <line number="450" hits="1"/>
            <line number="451" hits="1"/>
            <line number="452" hits="1"/>
            <line number="453" hits="1"/>
            <line number="454" hits="1"/>
            <line number="456" hits="1"/>
            <line number="457" hits="1"/>
            <line number="458" hits="1"/>
            <line number="459" hits="1"/>
            <line number="460" hits="0"/>
            <line number="461" hits="1"/>
            <line number="462" hits="1"/>
            <line number="463" hits="1"/>
            <line number="464" hits="1"/>
            <line number="466" hits="0"/>
            <line number="467" hits="0"/>
            <line number="468" hits="0"/>
            <line number="469" hits="0"/>
            <line number="470" hits="0"/>
            <line number="471" hits="0"/>
            <line number="472" hits="0"/>
            <line number="473" hits="0"/>
            <line number="474" hits="0"/>
            <line number="475" hits="0"/>
            <line number="476" hits="0"/>
            <line number="477" hits="0"/>
            <line number="478" hits="0"/>
            <line number="479" hits="0"/>
            <line number="480" hits="0"/>
            <line number="482" hits="0"/>
            <line number="483" hits="0"/>
            <line number="484" hits="0"/>
            <line number="485" hits="0"/>
            <line number="486" hits="0"/>
            <line number="487" hits="0"/>
            <line number="488" hits="0"/>
            <line number="489" hits="0"/>
            <line number="490" hits="0"/>
            <line number="492" hits="0"/>
            <line number="493" hits="0"/>
            <line number="494" hits="0"/>
            <line number="497" hits="0"/>
            <line number="498" hits="0"/>
            <line number="501" hits="0"/>
            <line number="502" hits="0"/>
            <line number="504" hits="0"/>
            <line number="505" hits="0"/>
            <line number="507" hits="0"/>
            <line number="508" hits="0"/>
            <line number="509" hits="0"/>
            <line number="510" hits="0"/>
            <line number="511" hits="0"/>
            <line number="512" hits="0"/>
            <line number="513" hits="0"/>
            <line number="514" hits="0"/>
            <line number="516" hits="0"/>
            <line number="517" hits="0"/>
            <line number="518" hits="0"/>
            <line number="519" hits="0"/>
            <line number="520" hits="0"/>
            <line number="523" hits="0"/>
            <line number="524" hits="0"/>
            <line number="525" hits="0"/>
            <line number="526" hits="0"/>
            <line number="527" hits="0"/>
            <line number="528" hits="0"/>
            <line number="529" hits="0"/>
            <line number="530" hits="0"/>
            <line number="531" hits="0"/>
            <line number="532" hits="0"/>
            <line number="533" hits="0"/>
            <line number="534" hits="0"/>
            <line number="536" hits="0"/>
            <line number="537" hits="0"/>
            <line number="538" hits="0"/>
            <line number="539" hits="0"/>
            <line number="540" hits="0"/>
            <line number="541" hits="0"/>
            <line number="543" hits="0"/>
            <line number="544" hits="0"/>
            <line number="545" hits="0"/>
            <line number="546" hits="0"/>
            <line number="547" hits="0"/>
            <line number="548" hits="0"/>
            <line number="549" hits="0"/>
            <line number="551" hits="0"/>
            <line number="552" hits="0"/>
            <line number="553" hits="0"/>
            <line number="554" hits="0"/>
            <line number="555" hits="0"/>
            <line number="558" hits="0"/>
            <line number="559" hits="0"/>
            <line number="560" hits="0"/>
            <line number="561" hits="0"/>
            <line number="562" hits="0"/>
            <line number="563" hits="0"/>
            <line number="564" hits="0"/>
            <line number="565" hits="0"/>
            <line number="566" hits="0"/>
            <line number="567" hits="0"/>
            <line number="569" hits="0"/>
            <line number="570" hits="0"/>
            <line number="571" hits="0"/>
            <line number="572" hits="0"/>
            <line number="573" hits="0"/>
            <line number="574" hits="0"/>
            <line number="576" hits="0"/>
            <line number="577" hits="0"/>
            <line number="578" hits="0"/>
            <line number="581" hits="0"/>
            <line number="582" hits="0"/>
            <line number="586" hits="0"/>
            <line number="587" hits="0"/>
            <line number="588" hits="0"/>
            <line number="589" hits="0"/>
            <line number="591" hits="0"/>
            <line number="592" hits="0"/>
            <line number="593" hits="0"/>
            <line number="595" hits="0"/>
            <line number="596" hits="0"/>
            <line number="598" hits="0"/>
            <line number="599" hits="0"/>
            <line number="600" hits="0"/>
            <line number="601" hits="0"/>
            <line number="602" hits="0"/>
            <line number="603" hits="0"/>
            <line number="604" hits="0"/>
            <line number="605" hits="0"/>
            <line number="606" hits="0"/>
            <line number="607" hits="0"/>
            <line number="608" hits="0"/>
            <line number="610" hits="0"/>
            <line number="611" hits="0"/>
            <line number="612" hits="0"/>
            <line number="613" hits="0"/>
            <line number="615" hits="0"/>
            <line number="616" hits="0"/>
            <line number="617" hits="0"/>
            <line number="618" hits="0"/>
            <line number="619" hits="0"/>
            <line number="622" hits="0"/>
            <line number="623" hits="0"/>
            <line number="624" hits="0"/>
            <line number="625" hits="0"/>
            <line number="626" hits="0"/>
            <line number="628" hits="0"/>
            <line number="629" hits="0"/>
            <line number="630" hits="0"/>
            <line number="631" hits="0"/>
            <line number="632" hits="0"/>
            <line number="633" hits="0"/>
            <line number="634" hits="0"/>
            <line number="636" hits="0"/>
            <line number="637" hits="0"/>
            <line number="639" hits="0"/>
            <line number="640" hits="0"/>
            <line number="641" hits="0"/>
            <line number="643" hits="0"/>
            <line number="644" hits="0"/>
            <line number="645" hits="0"/>
            <line number="646" hits="0"/>
            <line number="647" hits="0"/>
            <line number="648" hits="0"/>
            <line number="649" hits="0"/>
            <line number="650" hits="0"/>
            <line number="652" hits="0"/>
            <line number="653" hits="0"/>
            <line number="654" hits="0"/>
            <line number="655" hits="0"/>
            <line number="657" hits="0"/>
            <line number="658" hits="0"/>
            <line number="659" hits="0"/>
            <line number="660" hits="0"/>
            <line number="661" hits="0"/>
            <line number="664" hits="0"/>
            <line number="665" hits="0"/>
            <line number="666" hits="0"/>
            <line number="667" hits="0"/>
            <line number="668" hits="0"/>
            <line number="670" hits="0"/>
            <line number="671" hits="0"/>
            <line number="672" hits="0"/>
            <line number="674" hits="0"/>
            <line number="675" hits="0"/>
            <line number="676" hits="0"/>
            <line number="679" hits="0"/>
            <line number="680" hits="0"/>
            <line number="688" hits="1"/>
            <line number="692" hits="1"/>
            <line number="693" hits="1"/>
            <line number="694" hits="1"/>
            <line number="695" hits="1"/>
            <line number="696" hits="1"/>
            <line number="697" hits="1"/>
            <line number="700" hits="1"/>
            <line number="702" hits="1"/>
            <line number="703" hits="0"/>
            <line number="704" hits="0"/>
            <line number="705" hits="0"/>
            <line number="706" hits="0"/>
            <line number="708" hits="1"/>
            <line number="710" hits="0"/>
            <line number="711" hits="0"/>
            <line number="712" hits="0"/>
            <line number="714" hits="0"/>
            <line number="715" hits="0"/>
            <line number="716" hits="0"/>
            <line number="717" hits="0"/>
            <line number="718" hits="0"/>
            <line number="719" hits="0"/>
            <line number="720" hits="0"/>
            <line number="721" hits="0"/>
            <line number="722" hits="0"/>
            <line number="723" hits="0"/>
            <line number="724" hits="0"/>
            <line number="727" hits="0"/>
            <line number="728" hits="0"/>
            <line number="731" hits="1"/>
            <line number="732" hits="1"/>
            <line number="733" hits="1"/>
            <line number="734" hits="1"/>
            <line number="736" hits="1"/>
            <line number="737" hits="1"/>
            <line number="738" hits="1"/>
            <line number="739" hits="1"/>
            <line number="740" hits="1"/>
            <line number="741" hits="1"/>
            <line number="742" hits="1"/>
            <line number="743" hits="1"/>
            <line number="744" hits="1"/>
            <line number="745" hits="1"/>
            <line number="746" hits="1"/>
            <line number="747" hits="1"/>
            <line number="748" hits="1"/>
            <line number="749" hits="1"/>
            <line number="750" hits="1"/>
            <line number="751" hits="1"/>
            <line number="752" hits="1"/>
            <line number="753" hits="1"/>
            <line number="755" hits="1"/>
            <line number="756" hits="1"/>
            <line number="757" hits="1"/>
            <line number="758" hits="1"/>
            <line number="759" hits="0"/>
            <line number="760" hits="1"/>
            <line number="761" hits="1"/>
            <line number="762" hits="1"/>
            <line number="763" hits="1"/>
            <line number="765" hits="0"/>
            <line number="766" hits="0"/>
            <line number="767" hits="0"/>
            <line number="768" hits="0"/>
            <line number="769" hits="0"/>
            <line number="770" hits="0"/>
            <line number="771" hits="0"/>
            <line number="772" hits="0"/>
            <line number="773" hits="0"/>
            <line number="774" hits="0"/>
            <line number="775" hits="0"/>
            <line number="776" hits="0"/>
            <line number="777" hits="0"/>
            <line number="778" hits="0"/>
            <line number="779" hits="0"/>
            <line number="780" hits="0"/>
            <line number="781" hits="0"/>
            <line number="782" hits="0"/>
            <line number="784" hits="0"/>
            <line number="785" hits="0"/>
            <line number="786" hits="0"/>
            <line number="787" hits="0"/>
            <line number="788" hits="0"/>
            <line number="789" hits="0"/>
            <line number="790" hits="0"/>
            <line number="791" hits="0"/>
            <line number="792" hits="0"/>
            <line number="794" hits="0"/>
            <line number="795" hits="0"/>
            <line number="796" hits="0"/>
            <line number="798" hits="0"/>
            <line number="801" hits="0"/>
            <line number="802" hits="0"/>
            <line number="804" hits="0"/>
            <line number="805" hits="0"/>
            <line number="807" hits="0"/>
            <line number="808" hits="0"/>
            <line number="809" hits="0"/>
            <line number="810" hits="0"/>
            <line number="811" hits="0"/>
            <line number="812" hits="0"/>
            <line number="813" hits="0"/>
            <line number="814" hits="0"/>
            <line number="816" hits="0"/>
            <line number="817" hits="0"/>
            <line number="818" hits="0"/>
            <line number="819" hits="0"/>
            <line number="820" hits="0"/>
            <line number="823" hits="0"/>
            <line number="824" hits="0"/>
            <line number="825" hits="0"/>
            <line number="826" hits="0"/>
            <line number="827" hits="0"/>
            <line number="828" hits="0"/>
            <line number="829" hits="0"/>
            <line number="830" hits="0"/>
            <line number="831" hits="0"/>
            <line number="832" hits="0"/>
            <line number="833" hits="0"/>
            <line number="834" hits="0"/>
            <line number="836" hits="0"/>
            <line number="837" hits="0"/>
            <line number="838" hits="0"/>
            <line number="839" hits="0"/>
            <line number="840" hits="0"/>
            <line number="841" hits="0"/>
            <line number="842" hits="0"/>
            <line number="844" hits="0"/>
            <line number="845" hits="0"/>
            <line number="846" hits="0"/>
            <line number="847" hits="0"/>
            <line number="848" hits="0"/>
            <line number="849" hits="0"/>
            <line number="850" hits="0"/>
            <line number="851" hits="0"/>
            <line number="853" hits="0"/>
            <line number="854" hits="0"/>
            <line number="855" hits="0"/>
            <line number="856" hits="0"/>
            <line number="857" hits="0"/>
            <line number="860" hits="0"/>
            <line number="861" hits="0"/>
            <line number="862" hits="0"/>
            <line number="863" hits="0"/>
            <line number="864" hits="0"/>
            <line number="865" hits="0"/>
            <line number="866" hits="0"/>
            <line number="867" hits="0"/>
            <line number="868" hits="0"/>
            <line number="869" hits="0"/>
            <line number="870" hits="0"/>
            <line number="871" hits="0"/>
            <line number="873" hits="0"/>
            <line number="874" hits="0"/>
            <line number="875" hits="0"/>
            <line number="876" hits="0"/>
            <line number="877" hits="0"/>
            <line number="878" hits="0"/>
            <line number="879" hits="0"/>
            <line number="881" hits="0"/>
            <line number="882" hits="0"/>
            <line number="883" hits="0"/>
            <line number="885" hits="0"/>
            <line number="889" hits="0"/>
            <line number="890" hits="0"/>
            <line number="891" hits="0"/>
            <line number="892" hits="0"/>
            <line number="894" hits="0"/>
            <line number="895" hits="0"/>
            <line number="896" hits="0"/>
            <line number="898" hits="0"/>
            <line number="899" hits="0"/>
            <line number="901" hits="0"/>
            <line number="902" hits="0"/>
            <line number="904" hits="0"/>
            <line number="905" hits="0"/>
            <line number="906" hits="0"/>
            <line number="907" hits="0"/>
            <line number="908" hits="0"/>
            <line number="909" hits="0"/>
            <line number="910" hits="0"/>
            <line number="911" hits="0"/>
            <line number="913" hits="0"/>
            <line number="914" hits="0"/>
            <line number="915" hits="0"/>
            <line number="917" hits="0"/>
            <line number="918" hits="0"/>
            <line number="919" hits="0"/>
            <line number="920" hits="0"/>
            <line number="921" hits="0"/>
            <line number="924" hits="0"/>
            <line number="925" hits="0"/>
            <line number="926" hits="0"/>
            <line number="927" hits="0"/>
            <line number="928" hits="0"/>
            <line number="930" hits="0"/>
            <line number="931" hits="0"/>
            <line number="932" hits="0"/>
            <line number="933" hits="0"/>
            <line number="934" hits="0"/>
            <line number="935" hits="0"/>
            <line number="936" hits="0"/>
            <line number="938" hits="0"/>
            <line number="939" hits="0"/>
            <line number="941" hits="0"/>
            <line number="942" hits="0"/>
            <line number="944" hits="0"/>
            <line number="945" hits="0"/>
            <line number="946" hits="0"/>
            <line number="947" hits="0"/>
            <line number="948" hits="0"/>
            <line number="949" hits="0"/>
            <line number="950" hits="0"/>
            <line number="951" hits="0"/>
            <line number="953" hits="0"/>
            <line number="954" hits="0"/>
            <line number="955" hits="0"/>
            <line number="957" hits="0"/>
            <line number="958" hits="0"/>
            <line number="959" hits="0"/>
            <line number="960" hits="0"/>
            <line number="961" hits="0"/>
            <line number="964" hits="0"/>
            <line number="965" hits="0"/>
            <line number="966" hits="0"/>
            <line number="967" hits="0"/>
            <line number="968" hits="0"/>
            <line number="970" hits="0"/>
            <line number="971" hits="0"/>
            <line number="972" hits="0"/>
            <line number="975" hits="0"/>
            <line number="977" hits="0"/>
            <line number="985" hits="1"/>
            <line number="989" hits="0"/>
            <line number="990" hits="0"/>
            <line number="991" hits="0"/>
            <line number="992" hits="0"/>
            <line number="993" hits="0"/>
            <line number="994" hits="0"/>
            <line number="995" hits="0"/>
            <line number="996" hits="0"/>
            <line number="997" hits="0"/>
            <line number="999" hits="0"/>
            <line number="1000" hits="0"/>
            <line number="1001" hits="0"/>
            <line number="1002" hits="0"/>
            <line number="1003" hits="0"/>
            <line number="1005" hits="0"/>
            <line number="1007" hits="0"/>
            <line number="1008" hits="0"/>
            <line number="1009" hits="0"/>
            <line number="1011" hits="0"/>
            <line number="1012" hits="0"/>
            <line number="1013" hits="0"/>
            <line number="1014" hits="0"/>
            <line number="1015" hits="0"/>
            <line number="1016" hits="0"/>
            <line number="1017" hits="0"/>
            <line number="1018" hits="0"/>
            <line number="1019" hits="0"/>
            <line number="1020" hits="0"/>
            <line number="1021" hits="0"/>
            <line number="1022" hits="0"/>
            <line number="1023" hits="0"/>
            <line number="1024" hits="0"/>
            <line number="1025" hits="0"/>
            <line number="1026" hits="0"/>
            <line number="1027" hits="0"/>
            <line number="1028" hits="0"/>
            <line number="1031" hits="0"/>
            <line number="1032" hits="0"/>
            <line number="1035" hits="0"/>
            <line number="1036" hits="0"/>
            <line number="1037" hits="0"/>
            <line number="1038" hits="0"/>
            <line number="1040" hits="0"/>
            <line number="1045" hits="0"/>
            <line number="1046" hits="0"/>
            <line number="1047" hits="0"/>
            <line number="1048" hits="0"/>
            <line number="1049" hits="0"/>
            <line number="1050" hits="0"/>
            <line number="1051" hits="0"/>
            <line number="1052" hits="0"/>
            <line number="1054" hits="0"/>
            <line number="1056" hits="0"/>
            <line number="1057" hits="0"/>
            <line number="1058" hits="0"/>
            <line number="1059" hits="0"/>
            <line number="1060" hits="0"/>
            <line number="1061" hits="0"/>
            <line number="1062" hits="0"/>
            <line number="1063" hits="0"/>
            <line number="1064" hits="0"/>
            <line number="1065" hits="0"/>
            <line number="1066" hits="0"/>
            <line number="1067" hits="0"/>
            <line number="1071" hits="0"/>
            <line number="1072" hits="0"/>
            <line number="1073" hits="0"/>
            <line number="1074" hits="0"/>
            <line number="1075" hits="0"/>
            <line number="1076" hits="0"/>
            <line number="1077" hits="0"/>
            <line number="1078" hits="0"/>
            <line number="1079" hits="0"/>
            <line number="1081" hits="0"/>
            <line number="1082" hits="0"/>
            <line number="1083" hits="0"/>
            <line number="1084" hits="0"/>
            <line number="1085" hits="0"/>
            <line number="1086" hits="0"/>
            <line number="1087" hits="0"/>
            <line number="1088" hits="0"/>
            <line number="1089" hits="0"/>
            <line number="1091" hits="0"/>
            <line number="1092" hits="0"/>
            <line number="1093" hits="0"/>
            <line number="1094" hits="0"/>
            <line number="1095" hits="0"/>
            <line number="1096" hits="0"/>
            <line number="1097" hits="0"/>
            <line number="1098" hits="0"/>
            <line number="1100" hits="0"/>
            <line number="1101" hits="0"/>
            <line number="1103" hits="0"/>
            <line number="1104" hits="0"/>
            <line number="1105" hits="0"/>
            <line number="1108" hits="0"/>
            <line number="1109" hits="0"/>
            <line number="1110" hits="0"/>
            <line number="1111" hits="0"/>
            <line number="1112" hits="0"/>
            <line number="1113" hits="0"/>
            <line number="1114" hits="0"/>
            <line number="1115" hits="0"/>
            <line number="1117" hits="0"/>
            <line number="1118" hits="0"/>
            <line number="1119" hits="0"/>
            <line number="1120" hits="0"/>
            <line number="1121" hits="0"/>
            <line number="1122" hits="0"/>
            <line number="1123" hits="0"/>
            <line number="1124" hits="0"/>
            <line number="1125" hits="0"/>
            <line number="1128" hits="0"/>
            <line number="1129" hits="0"/>
            <line number="1130" hits="0"/>
            <line number="1131" hits="0"/>
            <line number="1133" hits="0"/>
            <line number="1136" hits="0"/>
            <line number="1137" hits="0"/>
            <line number="1139" hits="0"/>
            <line number="1140" hits="0"/>
            <line number="1142" hits="0"/>
            <line number="1147" hits="0"/>
            <line number="1148" hits="0"/>
            <line number="1150" hits="0"/>
            <line number="1151" hits="0"/>
            <line number="1152" hits="0"/>
            <line number="1153" hits="0"/>
            <line number="1154" hits="0"/>
            <line number="1157" hits="0"/>
            <line number="1158" hits="0"/>
            <line number="1159" hits="0"/>
            <line number="1160" hits="0"/>
            <line number="1161" hits="0"/>
            <line number="1162" hits="0"/>
            <line number="1163" hits="0"/>
            <line number="1164" hits="0"/>
            <line number="1166" hits="0"/>
            <line number="1168" hits="0"/>
            <line number="1169" hits="0"/>
            <line number="1170" hits="0"/>
            <line number="1171" hits="0"/>
            <line number="1172" hits="0"/>
            <line number="1173" hits="0"/>
            <line number="1174" hits="0"/>
            <line number="1175" hits="0"/>
            <line number="1176" hits="0"/>
            <line number="1177" hits="0"/>
            <line number="1181" hits="0"/>
            <line number="1182" hits="0"/>
            <line number="1184" hits="0"/>
            <line number="1185" hits="0"/>
            <line number="1186" hits="0"/>
            <line number="1187" hits="0"/>
            <line number="1188" hits="0"/>
            <line number="1191" hits="0"/>
            <line number="1192" hits="0"/>
            <line number="1193" hits="0"/>
            <line number="1194" hits="0"/>
            <line number="1195" hits="0"/>
            <line number="1196" hits="0"/>
            <line number="1197" hits="0"/>
            <line number="1198" hits="0"/>
            <line number="1199" hits="0"/>
            <line number="1201" hits="0"/>
            <line number="1202" hits="0"/>
            <line number="1203" hits="0"/>
            <line number="1204" hits="0"/>
            <line number="1205" hits="0"/>
            <line number="1206" hits="0"/>
            <line number="1207" hits="0"/>
            <line number="1209" hits="0"/>
            <line number="1210" hits="0"/>
            <line number="1211" hits="0"/>
            <line number="1212" hits="0"/>
            <line number="1213" hits="0"/>
            <line number="1214" hits="0"/>
            <line number="1215" hits="0"/>
            <line number="1216" hits="0"/>
            <line number="1218" hits="0"/>
            <line number="1219" hits="0"/>
            <line number="1220" hits="0"/>
            <line number="1221" hits="0"/>
            <line number="1222" hits="0"/>
            <line number="1225" hits="0"/>
            <line number="1226" hits="0"/>
            <line number="1228" hits="0"/>
            <line number="1229" hits="0"/>
            <line number="1231" hits="0"/>
            <line number="1232" hits="0"/>
            <line number="1233" hits="0"/>
            <line number="1236" hits="0"/>
            <line number="1237" hits="0"/>
            <line number="1238" hits="0"/>
            <line number="1239" hits="0"/>
            <line number="1240" hits="0"/>
            <line number="1241" hits="0"/>
            <line number="1242" hits="0"/>
            <line number="1243" hits="0"/>
            <line number="1245" hits="0"/>
            <line number="1246" hits="0"/>
            <line number="1247" hits="0"/>
            <line number="1248" hits="0"/>
            <line number="1249" hits="0"/>
            <line number="1250" hits="0"/>
            <line number="1251" hits="0"/>
            <line number="1253" hits="0"/>
            <line number="1254" hits="0"/>
            <line number="1255" hits="0"/>
            <line number="1257" hits="0"/>
            <line number="1261" hits="0"/>
            <line number="1262" hits="0"/>
            <line number="1263" hits="0"/>
            <line number="1264" hits="0"/>
            <line number="1266" hits="0"/>
            <line number="1267" hits="0"/>
            <line number="1268" hits="0"/>
            <line number="1270" hits="0"/>
            <line number="1271" hits="0"/>
            <line number="1273" hits="0"/>
            <line number="1274" hits="0"/>
            <line number="1276" hits="0"/>
            <line number="1277" hits="0"/>
            <line number="1278" hits="0"/>
            <line number="1279" hits="0"/>
            <line number="1280" hits="0"/>
            <line number="1281" hits="0"/>
            <line number="1282" hits="0"/>
            <line number="1283" hits="0"/>
            <line number="1285" hits="0"/>
            <line number="1286" hits="0"/>
            <line number="1287" hits="0"/>
            <line number="1289" hits="0"/>
            <line number="1290" hits="0"/>
            <line number="1291" hits="0"/>
            <line number="1292" hits="0"/>
            <line number="1293" hits="0"/>
            <line number="1296" hits="0"/>
            <line number="1297" hits="0"/>
            <line number="1298" hits="0"/>
            <line number="1299" hits="0"/>
            <line number="1300" hits="0"/>
            <line number="1302" hits="0"/>
            <line number="1303" hits="0"/>
            <line number="1304" hits="0"/>
            <line number="1305" hits="0"/>
            <line number="1306" hits="0"/>
            <line number="1307" hits="0"/>
            <line number="1308" hits="0"/>
            <line number="1310" hits="0"/>
            <line number="1311" hits="0"/>
            <line number="1313" hits="0"/>
            <line number="1314" hits="0"/>
            <line number="1316" hits="0"/>
            <line number="1317" hits="0"/>
            <line number="1318" hits="0"/>
            <line number="1319" hits="0"/>
            <line number="1320" hits="0"/>
            <line number="1321" hits="0"/>
            <line number="1322" hits="0"/>
            <line number="1323" hits="0"/>
            <line number="1325" hits="0"/>
            <line number="1326" hits="0"/>
            <line number="1327" hits="0"/>
            <line number="1329" hits="0"/>
            <line number="1330" hits="0"/>
            <line number="1331" hits="0"/>
            <line number="1332" hits="0"/>
            <line number="1333" hits="0"/>
            <line number="1336" hits="0"/>
            <line number="1337" hits="0"/>
            <line number="1338" hits="0"/>
            <line number="1339" hits="0"/>
            <line number="1340" hits="0"/>
            <line number="1342" hits="0"/>
            <line number="1343" hits="0"/>
            <line number="1344" hits="0"/>
            <line number="1345" hits="0"/>
            <line number="1347" hits="0"/>
            <line number="1348" hits="0"/>
            <line number="1350" hits="0"/>
            <line number="1351" hits="0"/>
            <line number="1353" hits="0"/>
            <line number="1354" hits="0"/>
            <line number="1355" hits="0"/>
            <line number="1356" hits="0"/>
            <line number="1357" hits="0"/>
            <line number="1358" hits="0"/>
            <line number="1359" hits="0"/>
            <line number="1360" hits="0"/>
            <line number="1362" hits="0"/>
            <line number="1363" hits="0"/>
            <line number="1364" hits="0"/>
            <line number="1366" hits="0"/>
            <line number="1367" hits="0"/>
            <line number="1368" hits="0"/>
            <line number="1369" hits="0"/>
            <line number="1370" hits="0"/>
            <line number="1373" hits="0"/>
            <line number="1374" hits="0"/>
            <line number="1375" hits="0"/>
            <line number="1376" hits="0"/>
            <line number="1377" hits="0"/>
            <line number="1380" hits="0"/>
            <line number="1381" hits="0"/>
            <line number="1382" hits="0"/>
            <line number="1385" hits="0"/>
            <line number="1386" hits="0"/>
            <line number="1394" hits="0"/>
            <line number="1398" hits="1"/>
            <line number="1402" hits="1"/>
            <line number="1404" hits="1"/>
            <line number="1405" hits="1"/>
          </lines>
        </class>
        <class name="farm_management_lib.cpp" filename="Users\hikme\OneDrive\Masaüstü\Git\ce103-midterm-hikmethan-kolay-yagizemre-ozbilge\src\farm_management_lib\src\farm_management_lib.cpp" line-rate="0.80701754385964908" branch-rate="0" complexity="0">
          <methods/>
          <lines>
            <line number="8" hits="1"/>
            <line number="10" hits="1"/>
            <line number="11" hits="1"/>
            <line number="13" hits="1"/>
            <line number="14" hits="1"/>
            <line number="15" hits="1"/>
            <line number="16" hits="1"/>
            <line number="17" hits="0"/>
            <line number="18" hits="0"/>
            <line number="19" hits="0"/>
            <line number="21" hits="0"/>
            <line number="23" hits="1"/>
            <line number="24" hits="1"/>
            <line number="25" hits="1"/>
            <line number="26" hits="1"/>
            <line number="28" hits="1"/>
            <line number="29" hits="1"/>
            <line number="30" hits="1"/>
            <line number="31" hits="1"/>
            <line number="33" hits="1"/>
            <line number="34" hits="1"/>
            <line number="35" hits="0"/>
            <line number="38" hits="1"/>
            <line number="39" hits="1"/>
            <line number="40" hits="1"/>
            <line number="42" hits="1"/>
            <line number="43" hits="1"/>
            <line number="44" hits="1"/>
            <line number="45" hits="1"/>
            <line number="46" hits="0"/>
            <line number="47" hits="0"/>
            <line number="48" hits="0"/>
            <line number="50" hits="0"/>
            <line number="51" hits="1"/>
            <line number="52" hits="1"/>
            <line number="53" hits="1"/>
            <line number="55" hits="1"/>
            <line number="56" hits="1"/>
            <line number="58" hits="1"/>
            <line number="59" hits="1"/>
            <line number="60" hits="1"/>
            <line number="61" hits="1"/>
            <line number="63" hits="1"/>
            <line number="64" hits="1"/>
            <line number="65" hits="0"/>
            <line number="68" hits="1"/>
            <line number="69" hits="1"/>
            <line number="71" hits="1"/>
            <line number="72" hits="1"/>
            <line number="73" hits="1"/>
            <line number="75" hits="1"/>
            <line number="76" hits="1"/>
            <line number="77" hits="1"/>
            <line number="78" hits="1"/>
            <line number="80" hits="1"/>
            <line number="81" hits="1"/>
            <line number="82" hits="1"/>
            <line number="83" hits="1"/>
            <line number="85" hits="1"/>
            <line number="86" hits="1"/>
            <line number="87" hits="1"/>
            <line number="88" hits="0"/>
            <line number="89" hits="0"/>
            <line number="93" hits="1"/>
            <line number="95" hits="1"/>
            <line number="96" hits="1"/>
            <line number="97" hits="1"/>
            <line number="100" hits="1"/>
            <line number="101" hits="1"/>
            <line number="102" hits="1"/>
            <line number="104" hits="1"/>
            <line number="105" hits="1"/>
            <line number="106" hits="0"/>
            <line number="107" hits="0"/>
            <line number="108" hits="0"/>
            <line number="110" hits="0"/>
            <line number="112" hits="1"/>
            <line number="113" hits="1"/>
            <line number="114" hits="1"/>
            <line number="116" hits="1"/>
            <line number="117" hits="1"/>
            <line number="118" hits="1"/>
            <line number="119" hits="1"/>
            <line number="121" hits="1"/>
            <line number="122" hits="1"/>
            <line number="123" hits="1"/>
            <line number="125" hits="1"/>
            <line number="127" hits="1"/>
            <line number="128" hits="1"/>
            <line number="129" hits="1"/>
            <line number="131" hits="1"/>
            <line number="132" hits="1"/>
            <line number="133" hits="0"/>
            <line number="134" hits="0"/>
            <line number="137" hits="1"/>
            <line number="138" hits="1"/>
            <line number="140" hits="1"/>
            <line number="141" hits="1"/>
            <line number="142" hits="1"/>
            <line number="145" hits="1"/>
            <line number="146" hits="1"/>
            <line number="148" hits="1"/>
            <line number="149" hits="1"/>
            <line number="150" hits="1"/>
            <line number="151" hits="1"/>
            <line number="152" hits="1"/>
            <line number="154" hits="1"/>
            <line number="156" hits="1"/>
            <line number="157" hits="1"/>
            <line number="158" hits="1"/>
            <line number="159" hits="0"/>
            <line number="160" hits="0"/>
            <line number="161" hits="0"/>
            <line number="163" hits="0"/>
          </lines>
        </class>
      </classes>
    </package>
    <package name="C:\Users\hikme\OneDrive\Masaüstü\Git\ce103-midterm-hikmethan-kolay-yagizemre-ozbilge\build_win\build\Debug\farm_management_tests.exe" line-rate="0.85333333333333339" branch-rate="0" complexity="0">
      <classes>
        <class name="farm_management_lib.cpp" filename="Users\hikme\OneDrive\Masaüstü\Git\ce103-midterm-hikmethan-kolay-yagizemre-ozbilge\src\farm_management_lib\src\farm_management_lib.cpp" line-rate="0.80701754385964908" branch-rate="0" complexity="0">
          <methods/>
          <lines>
            <line number="8" hits="1"/>
            <line number="10" hits="1"/>
            <line number="11" hits="1"/>
            <line number="13" hits="1"/>
            <line number="14" hits="1"/>
            <line number="15" hits="1"/>
            <line number="16" hits="1"/>
            <line number="17" hits="0"/>
            <line number="18" hits="0"/>
            <line number="19" hits="0"/>
            <line number="21" hits="0"/>
            <line number="23" hits="1"/>
            <line number="24" hits="1"/>
            <line number="25" hits="1"/>
            <line number="26" hits="1"/>
            <line number="28" hits="1"/>
            <line number="29" hits="1"/>
            <line number="30" hits="1"/>
            <line number="31" hits="1"/>
            <line number="33" hits="1"/>
            <line number="34" hits="1"/>
            <line number="35" hits="0"/>
            <line number="38" hits="1"/>
            <line number="39" hits="1"/>
            <line number="40" hits="1"/>
            <line number="42" hits="1"/>
            <line number="43" hits="1"/>
            <line number="44" hits="1"/>
            <line number="45" hits="1"/>
            <line number="46" hits="0"/>
            <line number="47" hits="0"/>
            <line number="48" hits="0"/>
            <line number="50" hits="0"/>
            <line number="51" hits="1"/>
            <line number="52" hits="1"/>
            <line number="53" hits="1"/>
            <line number="55" hits="1"/>
            <line number="56" hits="1"/>
            <line number="58" hits="1"/>
            <line number="59" hits="1"/>
            <line number="60" hits="1"/>
            <line number="61" hits="1"/>
            <line number="63" hits="1"/>
            <line number="64" hits="1"/>
            <line number="65" hits="0"/>
            <line number="68" hits="1"/>
            <line number="69" hits="1"/>
            <line number="71" hits="1"/>
            <line number="72" hits="1"/>
            <line number="73" hits="1"/>
            <line number="75" hits="1"/>
            <line number="76" hits="1"/>
            <line number="77" hits="1"/>
            <line number="78" hits="1"/>
            <line number="80" hits="1"/>
            <line number="81" hits="1"/>
            <line number="82" hits="1"/>
            <line number="83" hits="1"/>
            <line number="85" hits="1"/>
            <line number="86" hits="1"/>
            <line number="87" hits="1"/>
            <line number="88" hits="0"/>
            <line number="89" hits="0"/>
            <line number="93" hits="1"/>
            <line number="95" hits="1"/>
            <line number="96" hits="1"/>
            <line number="97" hits="1"/>
            <line number="100" hits="1"/>
            <line number="101" hits="1"/>
            <line number="102" hits="1"/>
            <line number="104" hits="1"/>
            <line number="105" hits="1"/>
            <line number="106" hits="0"/>
            <line number="107" hits="0"/>
            <line number="108" hits="0"/>
            <line number="110" hits="0"/>
            <line number="112" hits="1"/>
            <line number="113" hits="1"/>
            <line number="114" hits="1"/>
            <line number="116" hits="1"/>
            <line number="117" hits="1"/>
            <line number="118" hits="1"/>
            <line number="119" hits="1"/>
            <line number="121" hits="1"/>
            <line number="122" hits="1"/>
            <line number="123" hits="1"/>
            <line number="125" hits="1"/>
            <line number="127" hits="1"/>
            <line number="128" hits="1"/>
            <line number="129" hits="1"/>
            <line number="131" hits="1"/>
            <line number="132" hits="1"/>
            <line number="133" hits="0"/>
            <line number="134" hits="0"/>
            <line number="137" hits="1"/>
            <line number="138" hits="1"/>
            <line number="140" hits="1"/>
            <line number="141" hits="1"/>
            <line number="142" hits="1"/>
            <line number="145" hits="1"/>
            <line number="146" hits="1"/>
            <line number="148" hits="1"/>
            <line number="149" hits="1"/>
            <line number="150" hits="1"/>
            <line number="151" hits="1"/>
            <line number="152" hits="1"/>
            <line number="154" hits="1"/>
            <line number="156" hits="1"/>
            <line number="157" hits="1"/>
            <line number="158" hits="1"/>
            <line number="159" hits="0"/>
            <line number="160" hits="0"/>
            <line number="161" hits="0"/>
            <line number="163" hits="0"/>
          </lines>
        </class>
        <class name="farm_management.cpp" filename="Users\hikme\OneDrive\Masaüstü\Git\ce103-midterm-hikmethan-kolay-yagizemre-ozbilge\src\tests\farm_management\farm_management.cpp" line-rate="1" branch-rate="0" complexity="0">
          <methods/>
          <lines>
            <line number="8" hits="1"/>
            <line number="10" hits="1"/>
            <line number="12" hits="1"/>
            <line number="14" hits="1"/>
            <line number="17" hits="1"/>
            <line number="19" hits="1"/>
            <line number="20" hits="1"/>
            <line number="21" hits="1"/>
            <line number="22" hits="1"/>
            <line number="24" hits="1"/>
            <line number="25" hits="1"/>
            <line number="26" hits="1"/>
            <line number="27" hits="1"/>
            <line number="28" hits="1"/>
            <line number="29" hits="1"/>
            <line number="31" hits="1"/>
            <line number="32" hits="1"/>
            <line number="33" hits="1"/>
            <line number="34" hits="1"/>
            <line number="35" hits="1"/>
            <line number="36" hits="1"/>
            <line number="38" hits="1"/>
            <line number="39" hits="1"/>
            <line number="40" hits="1"/>
            <line number="41" hits="1"/>
            <line number="42" hits="1"/>
            <line number="44" hits="1"/>
            <line number="45" hits="1"/>
            <line number="46" hits="1"/>
            <line number="47" hits="1"/>
            <line number="48" hits="1"/>
            <line number="49" hits="1"/>
            <line number="51" hits="1"/>
            <line number="53" hits="1"/>
            <line number="54" hits="1"/>
            <line number="58" hits="1"/>
          </lines>
        </class>
      </classes>
    </package>
  </packages>
</coverage>
